TN:
SF:src\core\di\ServiceContainer.ts
FN:15,register
FN:19,resolve
FN:43,resolveAll
FN:49,get
FN:57,has
FN:61,registerInstance
FN:65,reset
FN:70,getRegisteredNames
FNF:8
FNH:8
FNDA:8,register
FNDA:13,resolve
FNDA:1,resolveAll
FNDA:14,get
FNDA:2,has
FNDA:7,registerInstance
FNDA:1,reset
FNDA:1,getRegisteredNames
DA:11,13
DA:12,13
DA:13,13
DA:16,8
DA:20,13
DA:21,13
DA:23,12
DA:24,12
DA:25,1
DA:28,11
DA:29,1
DA:31,10
DA:33,10
DA:34,10
DA:36,10
DA:37,6
DA:40,8
DA:44,1
DA:45,2
DA:50,14
DA:51,14
DA:52,10
DA:54,4
DA:58,2
DA:62,7
DA:66,1
DA:67,1
DA:71,1
DA:72,1
DA:73,2
DA:74,1
DA:78,1
LF:32
LH:32
BRDA:21,0,0,1
BRDA:21,0,1,12
BRDA:24,1,0,1
BRDA:24,1,1,11
BRDA:28,2,0,1
BRDA:28,2,1,10
BRDA:36,3,0,6
BRDA:36,3,1,4
BRDA:51,4,0,10
BRDA:51,4,1,4
BRDA:58,5,0,2
BRDA:58,5,1,2
BRF:12
BRH:12
end_of_record
TN:
SF:src\core\services\extension\AssetRegistry.ts
FN:6,register
FN:10,registerMany
FN:16,unregister
FN:20,unregisterAllForExtension
FN:28,getAsset
FN:32,getAssetsByType
FN:33,(anonymous_6)
FN:36,getAssetsForExtension
FN:37,(anonymous_8)
FN:40,getAssetUrl
FN:45,mimeType
FN:55,clear
FNF:12
FNH:12
FNDA:4,register
FNDA:5,registerMany
FNDA:1,unregister
FNDA:12,unregisterAllForExtension
FNDA:2,getAsset
FNDA:1,getAssetsByType
FNDA:2,(anonymous_6)
FNDA:5,getAssetsForExtension
FNDA:4,(anonymous_8)
FNDA:2,getAssetUrl
FNDA:1,mimeType
FNDA:35,clear
DA:4,4
DA:7,4
DA:11,5
DA:12,10
DA:17,1
DA:21,12
DA:22,4
DA:23,3
DA:29,2
DA:33,2
DA:37,5
DA:41,2
DA:42,2
DA:46,1
DA:47,0
DA:48,1
DA:49,0
DA:50,0
DA:51,0
DA:56,35
DA:60,4
LF:21
LH:17
BRDA:22,0,0,3
BRDA:22,0,1,1
BRDA:42,1,0,1
BRDA:42,1,1,1
BRDA:46,2,0,0
BRDA:46,2,1,1
BRDA:46,2,2,0
BRDA:46,2,3,0
BRDA:46,2,4,0
BRF:9
BRH:5
end_of_record
TN:
SF:src\core\services\extension\BlockRegistry.ts
FN:7,register
FN:13,registerWithBlockly
FN:19,getBlock
FN:23,getAllBlocks
FN:27,clear
FNF:5
FNH:5
FNDA:20,register
FNDA:1,registerWithBlockly
FNDA:3,getBlock
FNDA:5,getAllBlocks
FNDA:44,clear
DA:5,4
DA:8,20
DA:9,34
DA:14,1
DA:15,1
DA:20,3
DA:24,5
DA:28,44
DA:32,4
LF:9
LH:9
BRF:0
BRH:0
end_of_record
TN:
SF:src\core\services\extension\CategoryRegistry.ts
FN:6,register
FN:21,getCategories
FN:25,getCategory
FN:29,clear
FNF:4
FNH:4
FNDA:20,register
FNDA:5,getCategories
FNDA:3,getCategory
FNDA:43,clear
DA:4,4
DA:7,20
DA:8,21
DA:9,21
DA:10,2
DA:11,2
DA:12,1
DA:16,19
DA:22,5
DA:26,3
DA:30,43
DA:34,4
LF:12
LH:12
BRDA:9,0,0,2
BRDA:9,0,1,19
BRDA:11,1,0,1
BRDA:11,1,1,1
BRF:4
BRH:4
end_of_record
TN:
SF:src\core\services\extension\CommandRegistry.ts
FN:7,register
FN:14,registerMany
FN:20,unregister
FN:24,getCommand
FN:28,getAllCommands
FN:32,getCommandsByCategory
FN:33,(anonymous_6)
FN:36,execute
FN:45,hasCommand
FN:49,clear
FNF:10
FNH:10
FNDA:13,register
FNDA:3,registerMany
FNDA:1,unregister
FNDA:2,getCommand
FNDA:4,getAllCommands
FNDA:1,getCommandsByCategory
FNDA:2,(anonymous_6)
FNDA:2,execute
FNDA:3,hasCommand
FNDA:36,clear
DA:5,4
DA:8,13
DA:9,1
DA:11,13
DA:15,3
DA:16,6
DA:21,1
DA:25,2
DA:29,4
DA:33,2
DA:37,2
DA:38,2
DA:39,1
DA:40,1
DA:42,1
DA:46,3
DA:50,36
DA:54,4
LF:18
LH:18
BRDA:8,0,0,1
BRDA:8,0,1,12
BRDA:38,1,0,1
BRDA:38,1,1,1
BRF:4
BRH:4
end_of_record
TN:
SF:src\core\services\extension\ComponentRegistry.ts
FN:6,register
FN:10,registerMany
FN:16,unregister
FN:20,getComponent
FN:24,getAllComponents
FN:28,getComponentsByCategory
FN:29,(anonymous_6)
FN:32,getComponentsForBoard
FN:33,(anonymous_8)
FN:36,getCategories
FN:37,(anonymous_10)
FN:40,clear
FNF:12
FNH:12
FNDA:6,register
FNDA:16,registerMany
FNDA:1,unregister
FNDA:5,getComponent
FNDA:8,getAllComponents
FNDA:1,getComponentsByCategory
FNDA:2,(anonymous_6)
FNDA:2,getComponentsForBoard
FNDA:4,(anonymous_8)
FNDA:1,getCategories
FNDA:2,(anonymous_10)
FNDA:45,clear
DA:4,4
DA:7,6
DA:11,16
DA:12,20
DA:17,1
DA:21,5
DA:25,8
DA:29,2
DA:33,4
DA:37,2
DA:41,45
DA:45,4
LF:12
LH:12
BRF:0
BRH:0
end_of_record
TN:
SF:src\core\services\extension\EventBus.ts
FN:9,on
FN:15,(anonymous_1)
FN:20,once
FN:26,(anonymous_3)
FN:31,off
FN:36,emit
FN:37,(anonymous_6)
FN:45,(anonymous_7)
FN:55,removeAll
FN:65,listenerCount
FNF:10
FNH:10
FNDA:19,on
FNDA:4,(anonymous_1)
FNDA:4,once
FNDA:1,(anonymous_3)
FNDA:2,off
FNDA:124,emit
FNDA:11,(anonymous_6)
FNDA:2,(anonymous_7)
FNDA:50,removeAll
FNDA:4,listenerCount
DA:6,4
DA:7,4
DA:10,19
DA:11,16
DA:13,19
DA:15,19
DA:16,4
DA:21,4
DA:22,4
DA:24,4
DA:26,4
DA:27,1
DA:32,2
DA:33,2
DA:37,124
DA:38,11
DA:39,11
DA:41,1
DA:45,124
DA:46,2
DA:47,2
DA:49,0
DA:52,124
DA:56,50
DA:57,1
DA:58,1
DA:60,49
DA:61,49
DA:66,4
DA:67,4
DA:68,4
DA:72,4
LF:32
LH:31
BRDA:10,0,0,16
BRDA:10,0,1,3
BRDA:21,1,0,4
BRDA:21,1,1,0
BRDA:56,2,0,1
BRDA:56,2,1,49
BRDA:66,3,0,4
BRDA:66,3,1,1
BRDA:67,4,0,4
BRDA:67,4,1,3
BRF:10
BRH:9
end_of_record
TN:
SF:src\core\services\extension\ExampleRegistry.ts
FN:6,register
FN:10,registerMany
FN:16,unregister
FN:17,(anonymous_3)
FN:20,getExamples
FN:24,getExample
FN:25,(anonymous_6)
FN:28,getExamplesByDifficulty
FN:29,(anonymous_8)
FN:32,getExamplesByBoard
FN:33,(anonymous_10)
FN:36,getExamplesByTag
FN:37,(anonymous_12)
FN:40,getExamplesByExtension
FN:41,(anonymous_14)
FN:44,clear
FNF:16
FNH:16
FNDA:4,register
FNDA:17,registerMany
FNDA:1,unregister
FNDA:1,(anonymous_3)
FNDA:6,getExamples
FNDA:2,getExample
FNDA:1,(anonymous_6)
FNDA:1,getExamplesByDifficulty
FNDA:2,(anonymous_8)
FNDA:1,getExamplesByBoard
FNDA:2,(anonymous_10)
FNDA:1,getExamplesByTag
FNDA:2,(anonymous_12)
FNDA:2,getExamplesByExtension
FNDA:4,(anonymous_14)
FNDA:45,clear
DA:4,4
DA:7,4
DA:11,17
DA:12,34
DA:17,1
DA:21,6
DA:25,2
DA:29,2
DA:33,2
DA:37,2
DA:41,4
DA:45,45
DA:49,4
LF:13
LH:13
BRDA:33,0,0,2
BRDA:33,0,1,2
BRF:2
BRH:2
end_of_record
TN:
SF:src\core\services\extension\ExtensionContext.ts
FN:31,constructor
FN:37,registerBlock
FN:42,registerBlocks
FN:48,registerCategory
FN:52,registerCategories
FN:57,registerComponent
FN:61,registerComponents
FN:66,registerValidator
FN:70,registerValidators
FN:75,registerLibrary
FN:79,registerLibraries
FN:84,registerExample
FN:89,registerExamples
FN:97,registerAsset
FN:101,registerAssets
FN:108,registerCommand
FN:112,registerCommands
FN:117,on
FN:122,once
FN:127,emit
FN:132,dispose
FNF:21
FNH:16
FNDA:25,constructor
FNDA:1,registerBlock
FNDA:13,registerBlocks
FNDA:1,registerCategory
FNDA:12,registerCategories
FNDA:1,registerComponent
FNDA:12,registerComponents
FNDA:0,registerValidator
FNDA:0,registerValidators
FNDA:1,registerLibrary
FNDA:0,registerLibraries
FNDA:1,registerExample
FNDA:12,registerExamples
FNDA:1,registerAsset
FNDA:0,registerAssets
FNDA:1,registerCommand
FNDA:0,registerCommands
FNDA:3,on
FNDA:1,once
FNDA:1,emit
FNDA:12,dispose
DA:29,25
DA:32,25
DA:33,25
DA:38,1
DA:39,1
DA:43,13
DA:44,13
DA:49,1
DA:53,12
DA:58,1
DA:62,12
DA:67,0
DA:71,0
DA:76,1
DA:80,0
DA:85,1
DA:86,1
DA:90,12
DA:91,24
DA:93,12
DA:98,1
DA:102,0
DA:103,0
DA:109,1
DA:113,0
DA:118,3
DA:119,3
DA:123,1
DA:124,1
DA:128,1
DA:133,12
DA:134,3
DA:136,12
LF:33
LH:27
BRF:0
BRH:0
end_of_record
TN:
SF:src\core\services\extension\ExtensionLoader.ts
FN:15,extractDir
FN:21,discoverAll
FN:35,(anonymous_2)
FN:36,(anonymous_3)
FN:37,(anonymous_4)
FN:38,(anonymous_5)
FN:47,(anonymous_6)
FN:48,(anonymous_7)
FN:49,(anonymous_8)
FN:50,(anonymous_9)
FN:55,(anonymous_10)
FN:56,(anonymous_11)
FN:61,(anonymous_12)
FN:66,(anonymous_13)
FN:76,checkDependencies
FN:79,(anonymous_15)
FN:90,checkApiVersion
FNF:17
FNH:9
FNDA:60,extractDir
FNDA:12,discoverAll
FNDA:12,(anonymous_2)
FNDA:12,(anonymous_3)
FNDA:12,(anonymous_4)
FNDA:12,(anonymous_5)
FNDA:0,(anonymous_6)
FNDA:0,(anonymous_7)
FNDA:0,(anonymous_8)
FNDA:0,(anonymous_9)
FNDA:0,(anonymous_10)
FNDA:0,(anonymous_11)
FNDA:0,(anonymous_12)
FNDA:0,(anonymous_13)
FNDA:15,checkDependencies
FNDA:16,(anonymous_15)
FNDA:17,checkApiVersion
DA:4,4
DA:5,4
DA:9,4
DA:10,4
DA:11,4
DA:12,4
DA:13,4
DA:16,60
DA:17,60
DA:20,4
DA:22,12
DA:24,12
DA:25,12
DA:26,12
DA:28,12
DA:35,12
DA:36,12
DA:37,12
DA:38,12
DA:40,12
DA:41,12
DA:42,12
DA:43,12
DA:44,0
DA:46,12
DA:47,0
DA:48,0
DA:49,0
DA:50,0
DA:53,0
DA:54,0
DA:55,0
DA:56,0
DA:59,0
DA:60,0
DA:61,0
DA:64,0
DA:65,0
DA:66,0
DA:70,12
DA:73,12
DA:77,15
DA:78,15
DA:79,16
DA:81,15
DA:82,2
DA:83,1
DA:87,15
DA:91,17
DA:93,17
DA:94,1
DA:99,17
DA:100,14
DA:101,14
DA:102,14
DA:103,38
DA:104,38
DA:105,38
DA:106,1
DA:109,1
DA:111,37
DA:115,17
LF:62
LH:47
BRDA:17,0,0,60
BRDA:17,0,1,0
BRDA:40,1,0,12
BRDA:40,1,1,0
BRDA:42,2,0,12
BRDA:42,2,1,0
BRDA:43,3,0,0
BRDA:43,3,1,12
BRDA:46,4,0,0
BRDA:46,4,1,12
BRDA:46,5,0,12
BRDA:46,5,1,12
BRDA:47,6,0,0
BRDA:47,6,1,0
BRDA:48,7,0,0
BRDA:48,7,1,0
BRDA:49,8,0,0
BRDA:49,8,1,0
BRDA:50,9,0,0
BRDA:50,9,1,0
BRDA:53,10,0,0
BRDA:53,10,1,0
BRDA:55,11,0,0
BRDA:55,11,1,0
BRDA:55,11,2,0
BRDA:56,12,0,0
BRDA:56,12,1,0
BRDA:56,12,2,0
BRDA:59,13,0,0
BRDA:59,13,1,0
BRDA:61,14,0,0
BRDA:61,14,1,0
BRDA:61,14,2,0
BRDA:64,15,0,0
BRDA:64,15,1,0
BRDA:66,16,0,0
BRDA:66,16,1,0
BRDA:66,16,2,0
BRDA:82,17,0,1
BRDA:82,17,1,1
BRDA:93,18,0,1
BRDA:93,18,1,16
BRDA:93,19,0,17
BRDA:93,19,1,14
BRDA:99,20,0,14
BRDA:99,20,1,3
BRDA:103,21,0,38
BRDA:103,21,1,0
BRDA:104,22,0,38
BRDA:104,22,1,0
BRDA:105,23,0,1
BRDA:105,23,1,37
BRDA:111,24,0,1
BRDA:111,24,1,36
BRF:54
BRH:21
end_of_record
TN:
SF:src\core\services\extension\ExtensionManager.ts
FN:22,init
FN:33,discover
FN:41,load
FN:76,activate
FN:90,(anonymous_4)
FN:110,registerLegacy
FN:135,registerBlocksWithBlockly
FN:139,registerGenerators
FN:143,getToolboxCategories
FN:147,getComponents
FN:151,getComponent
FN:155,getExamples
FN:159,getExamplesForExtension
FN:163,getExtensions
FN:167,getExtension
FN:168,(anonymous_15)
FN:173,deactivateExtension
FN:174,(anonymous_17)
FN:201,dispose
FNF:19
FNH:15
FNDA:13,init
FNDA:12,discover
FNDA:12,load
FNDA:12,activate
FNDA:0,(anonymous_4)
FNDA:0,registerLegacy
FNDA:0,registerBlocksWithBlockly
FNDA:0,registerGenerators
FNDA:1,getToolboxCategories
FNDA:1,getComponents
FNDA:1,getComponent
FNDA:1,getExamples
FNDA:1,getExamplesForExtension
FNDA:2,getExtensions
FNDA:1,getExtension
FNDA:1,(anonymous_15)
FNDA:11,deactivateExtension
FNDA:11,(anonymous_17)
FNDA:12,dispose
DA:16,3
DA:17,3
DA:18,3
DA:23,13
DA:24,12
DA:26,12
DA:27,12
DA:28,12
DA:29,12
DA:30,12
DA:34,12
DA:35,12
DA:36,12
DA:37,12
DA:42,12
DA:44,12
DA:45,12
DA:48,12
DA:49,12
DA:50,0
DA:51,0
DA:52,0
DA:53,0
DA:54,0
DA:58,12
DA:59,12
DA:60,0
DA:61,0
DA:62,0
DA:63,0
DA:64,0
DA:69,12
DA:70,0
DA:71,0
DA:77,12
DA:79,12
DA:80,12
DA:81,12
DA:82,12
DA:84,12
DA:86,12
DA:87,12
DA:88,12
DA:89,12
DA:90,0
DA:91,0
DA:92,0
DA:93,0
DA:94,0
DA:97,12
DA:98,12
DA:99,12
DA:100,12
DA:102,0
DA:103,0
DA:104,0
DA:105,0
DA:111,0
DA:112,0
DA:113,0
DA:114,0
DA:116,0
DA:117,0
DA:118,0
DA:120,0
DA:121,0
DA:124,0
DA:125,0
DA:126,0
DA:129,0
DA:130,0
DA:136,0
DA:140,0
DA:144,1
DA:148,1
DA:152,1
DA:156,1
DA:160,1
DA:164,2
DA:168,1
DA:174,11
DA:175,11
DA:177,10
DA:179,10
DA:180,0
DA:181,0
DA:183,0
DA:187,10
DA:188,10
DA:189,10
DA:190,10
DA:194,10
DA:196,10
DA:197,10
DA:198,10
DA:202,12
DA:203,10
DA:206,12
DA:207,12
DA:208,12
DA:209,12
DA:210,12
DA:211,12
DA:212,12
DA:213,12
DA:214,12
DA:216,12
DA:217,12
DA:218,12
DA:222,3
LF:110
LH:70
BRDA:23,0,0,1
BRDA:23,0,1,12
BRDA:49,1,0,0
BRDA:49,1,1,12
BRDA:59,2,0,0
BRDA:59,2,1,12
BRDA:69,3,0,0
BRDA:69,3,1,12
BRDA:69,4,0,12
BRDA:69,4,1,12
BRDA:69,4,2,12
BRDA:69,4,3,12
BRDA:80,5,0,0
BRDA:80,5,1,12
BRDA:81,6,0,0
BRDA:81,6,1,12
BRDA:82,7,0,0
BRDA:82,7,1,12
BRDA:89,8,0,0
BRDA:89,8,1,12
BRDA:111,9,0,0
BRDA:111,9,1,0
BRDA:112,10,0,0
BRDA:112,10,1,0
BRDA:113,11,0,0
BRDA:113,11,1,0
BRDA:114,12,0,0
BRDA:114,12,1,0
BRDA:175,13,0,1
BRDA:175,13,1,10
BRDA:175,14,0,11
BRDA:175,14,1,10
BRDA:179,15,0,0
BRDA:179,15,1,10
BRDA:188,16,0,10
BRDA:188,16,1,0
BRF:36
BRH:19
end_of_record
TN:
SF:src\core\services\extension\GeneratorRegistry.ts
FN:7,register
FN:13,registerWithGenerator
FN:19,getGenerator
FN:23,clear
FNF:4
FNH:4
FNDA:17,register
FNDA:1,registerWithGenerator
FNDA:3,getGenerator
FNDA:17,clear
DA:5,4
DA:8,17
DA:9,29
DA:14,1
DA:15,1
DA:20,3
DA:24,17
DA:28,4
LF:8
LH:8
BRF:0
BRH:0
end_of_record
TN:
SF:src\core\services\extension\LibraryRegistry.ts
FN:6,register
FN:10,registerMany
FN:16,unregister
FN:20,getLibrary
FN:24,getAllLibraries
FN:28,getLibrariesForBoard
FN:29,(anonymous_6)
FN:34,getHeaders
FN:49,hasLibrary
FN:53,clear
FNF:10
FNH:10
FNDA:5,register
FNDA:4,registerMany
FNDA:1,unregister
FNDA:2,getLibrary
FNDA:4,getAllLibraries
FNDA:2,getLibrariesForBoard
FNDA:4,(anonymous_6)
FNDA:2,getHeaders
FNDA:3,hasLibrary
FNDA:35,clear
DA:4,4
DA:7,5
DA:11,4
DA:12,8
DA:17,1
DA:21,2
DA:25,4
DA:29,2
DA:30,4
DA:35,2
DA:36,2
DA:37,4
DA:38,4
DA:39,4
DA:40,4
DA:41,3
DA:46,2
DA:50,3
DA:54,35
DA:58,4
LF:20
LH:20
BRDA:30,0,0,4
BRDA:30,0,1,2
BRDA:30,0,2,2
BRDA:38,1,0,4
BRDA:38,1,1,0
BRDA:40,2,0,3
BRDA:40,2,1,1
BRF:7
BRH:6
end_of_record
TN:
SF:src\core\services\extension\ValidationRegistry.ts
FN:23,register
FN:28,unregister
FN:32,getRules
FN:36,validate
FN:69,(anonymous_4)
FN:110,(anonymous_5)
FN:129,(anonymous_6)
FN:134,validateAll
FN:135,(anonymous_8)
FN:138,clear
FNF:10
FNH:7
FNDA:7,register
FNDA:1,unregister
FNDA:4,getRules
FNDA:6,validate
FNDA:0,(anonymous_4)
FNDA:0,(anonymous_5)
FNDA:0,(anonymous_6)
FNDA:1,validateAll
FNDA:2,(anonymous_8)
FNDA:9,clear
DA:21,3
DA:24,7
DA:25,7
DA:29,1
DA:33,4
DA:41,6
DA:42,6
DA:43,6
DA:45,6
DA:46,2
DA:50,2
DA:53,4
DA:54,4
DA:58,4
DA:61,0
DA:62,0
DA:68,0
DA:69,0
DA:70,0
DA:71,0
DA:75,0
DA:78,0
DA:79,0
DA:81,0
DA:83,0
DA:84,0
DA:89,0
DA:91,0
DA:92,0
DA:97,0
DA:101,0
DA:102,0
DA:103,0
DA:110,0
DA:111,0
DA:117,0
DA:118,6
DA:119,0
DA:120,0
DA:121,0
DA:128,0
DA:129,0
DA:135,2
DA:139,9
DA:143,3
LF:45
LH:18
BRDA:24,0,0,7
BRDA:24,0,1,6
BRDA:33,1,0,4
BRDA:33,1,1,2
BRDA:45,2,0,2
BRDA:45,2,1,4
BRDA:53,3,0,4
BRDA:53,3,1,0
BRDA:61,4,0,0
BRDA:61,4,1,0
BRDA:68,5,0,0
BRDA:68,5,1,0
BRDA:70,6,0,0
BRDA:70,6,1,0
BRDA:79,7,0,0
BRDA:79,7,1,0
BRDA:81,8,0,0
BRDA:81,8,1,0
BRDA:83,9,0,0
BRDA:83,9,1,0
BRDA:91,10,0,0
BRDA:91,10,1,0
BRDA:101,11,0,0
BRDA:101,11,1,0
BRDA:102,12,0,0
BRDA:102,12,1,0
BRDA:110,13,0,0
BRDA:110,13,1,0
BRDA:110,14,0,0
BRDA:110,14,1,0
BRDA:110,15,0,0
BRDA:110,15,1,0
BRDA:117,16,0,0
BRDA:117,16,1,0
BRDA:120,17,0,0
BRDA:120,17,1,0
BRF:36
BRH:7
end_of_record
