TN:
SF:src\core\di\ServiceContainer.ts
FN:15,register
FN:19,resolve
FN:43,resolveAll
FN:49,get
FN:57,has
FN:61,registerInstance
FN:65,reset
FN:70,getRegisteredNames
FNF:8
FNH:8
FNDA:8,register
FNDA:13,resolve
FNDA:1,resolveAll
FNDA:14,get
FNDA:2,has
FNDA:7,registerInstance
FNDA:1,reset
FNDA:1,getRegisteredNames
DA:11,17
DA:12,17
DA:13,17
DA:16,8
DA:20,13
DA:21,13
DA:23,12
DA:24,12
DA:25,1
DA:28,11
DA:29,1
DA:31,10
DA:33,10
DA:34,10
DA:36,10
DA:37,6
DA:40,8
DA:44,1
DA:45,2
DA:50,14
DA:51,14
DA:52,10
DA:54,4
DA:58,2
DA:62,7
DA:66,1
DA:67,1
DA:71,1
DA:72,1
DA:73,2
DA:74,1
DA:78,5
LF:32
LH:32
BRDA:21,0,0,1
BRDA:21,0,1,12
BRDA:24,1,0,1
BRDA:24,1,1,11
BRDA:28,2,0,1
BRDA:28,2,1,10
BRDA:36,3,0,6
BRDA:36,3,1,4
BRDA:51,4,0,10
BRDA:51,4,1,4
BRDA:58,5,0,2
BRDA:58,5,1,2
BRF:12
BRH:12
end_of_record
TN:
SF:src\core\services\compatibility\CompatibilityService.ts
FN:6,checkComponent
FN:24,(anonymous_1)
FN:35,(anonymous_2)
FN:39,checkBlock
FN:47,checkLibrary
FN:55,(anonymous_5)
FN:64,checkExtension
FN:83,(anonymous_7)
FN:87,checkExample
FNF:9
FNH:8
FNDA:4,checkComponent
FNDA:1,(anonymous_1)
FNDA:0,(anonymous_2)
FNDA:2,checkBlock
FNDA:3,checkLibrary
FNDA:7,(anonymous_5)
FNDA:4,checkExtension
FNDA:1,(anonymous_7)
FNDA:3,checkExample
DA:7,4
DA:9,4
DA:10,4
DA:11,1
DA:14,3
DA:15,3
DA:16,1
DA:19,2
DA:20,0
DA:23,2
DA:24,1
DA:25,0
DA:29,2
DA:30,2
DA:31,0
DA:35,2
DA:36,4
DA:40,2
DA:41,2
DA:42,1
DA:44,1
DA:48,3
DA:49,3
DA:51,3
DA:52,1
DA:55,7
DA:56,2
DA:57,1
DA:60,2
DA:61,3
DA:65,4
DA:66,4
DA:68,4
DA:69,1
DA:72,3
DA:73,1
DA:76,3
DA:77,4
DA:78,0
DA:79,0
DA:83,3
DA:84,4
DA:88,3
DA:89,1
DA:91,2
DA:92,1
DA:94,1
LF:47
LH:42
BRDA:10,0,0,1
BRDA:10,0,1,3
BRDA:15,1,0,1
BRDA:15,1,1,2
BRDA:19,2,0,0
BRDA:19,2,1,2
BRDA:19,3,0,2
BRDA:19,3,1,0
BRDA:24,4,0,0
BRDA:24,4,1,1
BRDA:30,5,0,0
BRDA:30,5,1,2
BRDA:30,6,0,2
BRDA:30,6,1,1
BRDA:35,7,0,0
BRDA:35,7,1,2
BRDA:35,8,0,0
BRDA:35,8,1,2
BRDA:41,9,0,1
BRDA:41,9,1,1
BRDA:51,10,0,1
BRDA:51,10,1,2
BRDA:56,11,0,1
BRDA:56,11,1,1
BRDA:60,12,0,1
BRDA:60,12,1,1
BRDA:68,13,0,1
BRDA:68,13,1,3
BRDA:72,14,0,1
BRDA:72,14,1,2
BRDA:72,15,0,3
BRDA:72,15,1,3
BRDA:72,15,2,2
BRDA:76,16,0,3
BRDA:76,16,1,3
BRDA:78,17,0,0
BRDA:78,17,1,0
BRDA:78,18,0,0
BRDA:78,18,1,0
BRDA:83,19,0,1
BRDA:83,19,1,2
BRDA:88,20,0,1
BRDA:88,20,1,2
BRDA:88,21,0,3
BRDA:88,21,1,2
BRDA:91,22,0,1
BRDA:91,22,1,1
BRF:47
BRH:37
end_of_record
TN:
SF:src\core\services\device\DeviceManager.ts
FN:15,constructor
FN:19,init
FN:28,getDevices
FN:32,getDevice
FN:36,getConnectedDevice
FN:46,discoverDevices
FN:52,addDevice
FN:62,removeDevice
FN:72,connectDevice
FN:96,disconnectDevice
FN:115,getConnection
FN:119,isConnected
FN:124,clearDevices
FN:130,persistRecent
FNF:14
FNH:14
FNDA:31,constructor
FNDA:1,init
FNDA:7,getDevices
FNDA:2,getDevice
FNDA:2,getConnectedDevice
FNDA:1,discoverDevices
FNDA:12,addDevice
FNDA:1,removeDevice
FNDA:5,connectDevice
FNDA:2,disconnectDevice
FNDA:1,getConnection
FNDA:2,isConnected
FNDA:1,clearDevices
FNDA:16,persistRecent
DA:7,2
DA:8,2
DA:11,31
DA:12,31
DA:16,31
DA:20,1
DA:21,1
DA:22,1
DA:23,1
DA:29,7
DA:33,2
DA:37,2
DA:38,1
DA:39,0
DA:40,0
DA:43,2
DA:49,1
DA:53,12
DA:54,12
DA:55,11
DA:56,11
DA:57,11
DA:58,11
DA:63,1
DA:64,1
DA:65,1
DA:66,1
DA:67,1
DA:68,1
DA:77,5
DA:78,5
DA:80,4
DA:82,4
DA:83,4
DA:84,4
DA:85,4
DA:86,4
DA:87,4
DA:88,4
DA:90,0
DA:91,0
DA:92,0
DA:97,2
DA:98,2
DA:100,1
DA:101,1
DA:106,1
DA:107,1
DA:108,1
DA:109,1
DA:110,1
DA:111,1
DA:116,1
DA:120,2
DA:121,2
DA:125,1
DA:126,1
DA:127,1
DA:131,16
DA:132,16
LF:60
LH:55
BRDA:21,0,0,1
BRDA:21,0,1,0
BRDA:38,1,0,0
BRDA:38,1,1,1
BRDA:38,2,0,1
BRDA:38,2,1,1
BRDA:40,3,0,0
BRDA:40,3,1,0
BRDA:54,4,0,11
BRDA:54,4,1,1
BRDA:54,5,0,12
BRDA:54,5,1,1
BRDA:64,6,0,1
BRDA:64,6,1,0
BRDA:78,7,0,1
BRDA:78,7,1,4
BRDA:98,8,0,1
BRDA:98,8,1,1
BRDA:108,9,0,1
BRDA:108,9,1,0
BRDA:121,10,0,2
BRDA:121,10,1,1
BRF:22
BRH:16
end_of_record
TN:
SF:src\core\services\dialog\DialogService.ts
FN:38,constructor
FN:42,getCurrent
FN:46,alert
FN:50,confirm
FN:54,prompt
FN:58,progress
FN:63,updateProgress
FN:71,resolve
FN:79,show
FN:80,(anonymous_9)
FNF:10
FNH:10
FNDA:6,constructor
FNDA:14,getCurrent
FNDA:2,alert
FNDA:1,confirm
FNDA:1,prompt
FNDA:1,progress
FNDA:1,updateProgress
FNDA:5,resolve
FNDA:5,show
FNDA:5,(anonymous_9)
DA:29,1
DA:30,1
DA:32,1
DA:35,6
DA:39,6
DA:43,14
DA:47,2
DA:51,1
DA:55,1
DA:59,1
DA:60,1
DA:64,1
DA:65,1
DA:66,1
DA:67,1
DA:72,5
DA:73,5
DA:74,5
DA:75,5
DA:80,5
DA:81,5
DA:82,5
DA:83,5
DA:84,5
LF:24
LH:24
BRDA:64,0,0,1
BRDA:64,0,1,0
BRDA:64,1,0,1
BRDA:64,1,1,1
BRDA:66,2,0,0
BRDA:66,2,1,1
BRDA:72,3,0,5
BRDA:72,3,1,0
BRDA:72,4,0,5
BRDA:72,4,1,5
BRDA:81,5,0,5
BRDA:81,5,1,4
BRF:12
BRH:9
end_of_record
TN:
SF:src\core\services\error\ErrorHandler.ts
FN:36,constructor
FN:41,install
FN:51,uninstall
FN:61,handleError
FN:83,addDiagnosticHandler
FN:85,(anonymous_5)
FN:86,(anonymous_6)
FN:90,(anonymous_7)
FN:95,(anonymous_8)
FN:100,buildErrorInfo
FN:115,getFriendlyMessage
FNF:11
FNH:9
FNDA:9,constructor
FNDA:1,install
FNDA:1,uninstall
FNDA:8,handleError
FNDA:2,addDiagnosticHandler
FNDA:1,(anonymous_5)
FNDA:1,(anonymous_6)
FNDA:0,(anonymous_7)
FNDA:0,(anonymous_8)
FNDA:8,buildErrorInfo
FNDA:8,getFriendlyMessage
DA:5,1
DA:17,1
DA:19,1
DA:33,9
DA:34,9
DA:37,9
DA:38,9
DA:42,1
DA:43,1
DA:45,1
DA:46,1
DA:47,1
DA:52,1
DA:53,1
DA:55,1
DA:56,1
DA:57,1
DA:62,8
DA:64,8
DA:66,8
DA:67,1
DA:68,1
DA:74,8
DA:76,8
DA:77,7
DA:80,8
DA:84,2
DA:85,2
DA:86,1
DA:90,0
DA:91,0
DA:92,0
DA:95,0
DA:96,0
DA:97,0
DA:101,8
DA:102,8
DA:104,8
DA:105,6
DA:106,6
DA:107,6
DA:110,2
DA:111,2
DA:112,2
DA:116,8
DA:117,8
DA:118,39
DA:120,5
LF:48
LH:42
BRDA:42,0,0,0
BRDA:42,0,1,1
BRDA:45,1,0,1
BRDA:45,1,1,0
BRDA:52,2,0,0
BRDA:52,2,1,1
BRDA:55,3,0,1
BRDA:55,3,1,0
BRDA:61,4,0,8
BRDA:76,5,0,7
BRDA:76,5,1,1
BRDA:76,6,0,8
BRDA:76,6,1,7
BRDA:91,7,0,0
BRDA:91,7,1,0
BRDA:104,8,0,6
BRDA:104,8,1,2
BRDA:105,9,0,6
BRDA:105,9,1,0
BRDA:118,10,0,3
BRDA:118,10,1,36
BRDA:120,11,0,5
BRDA:120,11,1,5
BRF:23
BRH:16
end_of_record
TN:
SF:src\core\services\extension\AssetRegistry.ts
FN:6,register
FN:10,registerMany
FN:16,unregister
FN:20,unregisterAllForExtension
FN:28,getAsset
FN:32,getAssetsByType
FN:33,(anonymous_6)
FN:36,getAssetsForExtension
FN:37,(anonymous_8)
FN:40,getAssetUrl
FN:45,mimeType
FN:55,clear
FNF:12
FNH:12
FNDA:4,register
FNDA:5,registerMany
FNDA:1,unregister
FNDA:12,unregisterAllForExtension
FNDA:2,getAsset
FNDA:1,getAssetsByType
FNDA:2,(anonymous_6)
FNDA:5,getAssetsForExtension
FNDA:4,(anonymous_8)
FNDA:2,getAssetUrl
FNDA:1,mimeType
FNDA:35,clear
DA:4,5
DA:7,4
DA:11,5
DA:12,10
DA:17,1
DA:21,12
DA:22,4
DA:23,3
DA:29,2
DA:33,2
DA:37,5
DA:41,2
DA:42,2
DA:46,1
DA:47,0
DA:48,1
DA:49,0
DA:50,0
DA:51,0
DA:56,35
DA:60,5
LF:21
LH:17
BRDA:22,0,0,3
BRDA:22,0,1,1
BRDA:42,1,0,1
BRDA:42,1,1,1
BRDA:46,2,0,0
BRDA:46,2,1,1
BRDA:46,2,2,0
BRDA:46,2,3,0
BRDA:46,2,4,0
BRF:9
BRH:5
end_of_record
TN:
SF:src\core\services\extension\BlockRegistry.ts
FN:7,register
FN:13,registerWithBlockly
FN:19,getBlock
FN:23,getAllBlocks
FN:27,clear
FNF:5
FNH:5
FNDA:21,register
FNDA:1,registerWithBlockly
FNDA:3,getBlock
FNDA:5,getAllBlocks
FNDA:44,clear
DA:5,5
DA:8,21
DA:9,36
DA:14,1
DA:15,1
DA:20,3
DA:24,5
DA:28,44
DA:32,5
LF:9
LH:9
BRF:0
BRH:0
end_of_record
TN:
SF:src\core\services\extension\CategoryRegistry.ts
FN:6,register
FN:21,getCategories
FN:25,getCategory
FN:29,clear
FNF:4
FNH:4
FNDA:21,register
FNDA:5,getCategories
FNDA:3,getCategory
FNDA:43,clear
DA:4,5
DA:7,21
DA:8,22
DA:9,22
DA:10,2
DA:11,2
DA:12,1
DA:16,20
DA:22,5
DA:26,3
DA:30,43
DA:34,5
LF:12
LH:12
BRDA:9,0,0,2
BRDA:9,0,1,20
BRDA:11,1,0,1
BRDA:11,1,1,1
BRF:4
BRH:4
end_of_record
TN:
SF:src\core\services\extension\CommandRegistry.ts
FN:7,register
FN:14,registerMany
FN:20,unregister
FN:24,getCommand
FN:28,getAllCommands
FN:32,getCommandsByCategory
FN:33,(anonymous_6)
FN:36,execute
FN:45,hasCommand
FN:49,clear
FNF:10
FNH:10
FNDA:13,register
FNDA:3,registerMany
FNDA:1,unregister
FNDA:2,getCommand
FNDA:4,getAllCommands
FNDA:1,getCommandsByCategory
FNDA:2,(anonymous_6)
FNDA:2,execute
FNDA:3,hasCommand
FNDA:36,clear
DA:5,5
DA:8,13
DA:9,1
DA:11,13
DA:15,3
DA:16,6
DA:21,1
DA:25,2
DA:29,4
DA:33,2
DA:37,2
DA:38,2
DA:39,1
DA:40,1
DA:42,1
DA:46,3
DA:50,36
DA:54,5
LF:18
LH:18
BRDA:8,0,0,1
BRDA:8,0,1,12
BRDA:38,1,0,1
BRDA:38,1,1,1
BRF:4
BRH:4
end_of_record
TN:
SF:src\core\services\extension\ComponentRegistry.ts
FN:6,register
FN:10,registerMany
FN:16,unregister
FN:20,getComponent
FN:24,getAllComponents
FN:28,getComponentsByCategory
FN:29,(anonymous_6)
FN:32,getComponentsForBoard
FN:33,(anonymous_8)
FN:36,getCategories
FN:37,(anonymous_10)
FN:40,clear
FNF:12
FNH:12
FNDA:6,register
FNDA:17,registerMany
FNDA:1,unregister
FNDA:5,getComponent
FNDA:9,getAllComponents
FNDA:1,getComponentsByCategory
FNDA:2,(anonymous_6)
FNDA:2,getComponentsForBoard
FNDA:4,(anonymous_8)
FNDA:1,getCategories
FNDA:2,(anonymous_10)
FNDA:45,clear
DA:4,5
DA:7,6
DA:11,17
DA:12,21
DA:17,1
DA:21,5
DA:25,9
DA:29,2
DA:33,4
DA:37,2
DA:41,45
DA:45,5
LF:12
LH:12
BRF:0
BRH:0
end_of_record
TN:
SF:src\core\services\extension\EventBus.ts
FN:9,on
FN:15,(anonymous_1)
FN:20,once
FN:26,(anonymous_3)
FN:31,off
FN:36,emit
FN:37,(anonymous_6)
FN:45,(anonymous_7)
FN:55,removeAll
FN:65,listenerCount
FNF:10
FNH:10
FNDA:28,on
FNDA:5,(anonymous_1)
FNDA:4,once
FNDA:1,(anonymous_3)
FNDA:2,off
FNDA:357,emit
FNDA:54,(anonymous_6)
FNDA:2,(anonymous_7)
FNDA:50,removeAll
FNDA:4,listenerCount
DA:6,16
DA:7,16
DA:10,28
DA:11,22
DA:13,28
DA:15,28
DA:16,5
DA:21,4
DA:22,4
DA:24,4
DA:26,4
DA:27,1
DA:32,2
DA:33,2
DA:37,357
DA:38,54
DA:39,54
DA:41,1
DA:45,357
DA:46,2
DA:47,2
DA:49,0
DA:52,357
DA:56,50
DA:57,1
DA:58,1
DA:60,49
DA:61,49
DA:66,4
DA:67,4
DA:68,4
DA:72,16
LF:32
LH:31
BRDA:10,0,0,22
BRDA:10,0,1,6
BRDA:21,1,0,4
BRDA:21,1,1,0
BRDA:56,2,0,1
BRDA:56,2,1,49
BRDA:66,3,0,4
BRDA:66,3,1,1
BRDA:67,4,0,4
BRDA:67,4,1,3
BRF:10
BRH:9
end_of_record
TN:
SF:src\core\services\extension\ExampleRegistry.ts
FN:6,register
FN:10,registerMany
FN:16,unregister
FN:17,(anonymous_3)
FN:20,getExamples
FN:24,getExample
FN:25,(anonymous_6)
FN:28,getExamplesByDifficulty
FN:29,(anonymous_8)
FN:32,getExamplesByBoard
FN:33,(anonymous_10)
FN:36,getExamplesByTag
FN:37,(anonymous_12)
FN:40,getExamplesByExtension
FN:41,(anonymous_14)
FN:44,clear
FNF:16
FNH:16
FNDA:4,register
FNDA:18,registerMany
FNDA:1,unregister
FNDA:1,(anonymous_3)
FNDA:6,getExamples
FNDA:2,getExample
FNDA:1,(anonymous_6)
FNDA:1,getExamplesByDifficulty
FNDA:2,(anonymous_8)
FNDA:1,getExamplesByBoard
FNDA:2,(anonymous_10)
FNDA:1,getExamplesByTag
FNDA:2,(anonymous_12)
FNDA:2,getExamplesByExtension
FNDA:4,(anonymous_14)
FNDA:45,clear
DA:4,5
DA:7,4
DA:11,18
DA:12,36
DA:17,1
DA:21,6
DA:25,2
DA:29,2
DA:33,2
DA:37,2
DA:41,4
DA:45,45
DA:49,5
LF:13
LH:13
BRDA:33,0,0,2
BRDA:33,0,1,2
BRF:2
BRH:2
end_of_record
TN:
SF:src\core\services\extension\ExtensionContext.ts
FN:32,constructor
FN:38,registerBlock
FN:43,registerBlocks
FN:49,registerCategory
FN:53,registerCategories
FN:58,registerComponent
FN:62,registerComponents
FN:67,registerValidator
FN:71,registerValidators
FN:76,registerLibrary
FN:80,registerLibraries
FN:85,registerExample
FN:90,registerExamples
FN:98,registerAsset
FN:102,registerAssets
FN:109,registerCommand
FN:113,registerCommands
FN:118,on
FN:123,once
FN:128,emit
FN:133,getCurrentBoardId
FN:142,getBoardCapabilities
FN:153,isDeviceConnected
FN:163,getUploadStatus
FN:172,getUploadProgress
FN:186,hasQueuedUploads
FN:196,dispose
FNF:27
FNH:16
FNDA:26,constructor
FNDA:1,registerBlock
FNDA:14,registerBlocks
FNDA:1,registerCategory
FNDA:13,registerCategories
FNDA:1,registerComponent
FNDA:13,registerComponents
FNDA:0,registerValidator
FNDA:0,registerValidators
FNDA:1,registerLibrary
FNDA:0,registerLibraries
FNDA:1,registerExample
FNDA:13,registerExamples
FNDA:1,registerAsset
FNDA:0,registerAssets
FNDA:1,registerCommand
FNDA:0,registerCommands
FNDA:3,on
FNDA:1,once
FNDA:1,emit
FNDA:0,getCurrentBoardId
FNDA:0,getBoardCapabilities
FNDA:0,isDeviceConnected
FNDA:0,getUploadStatus
FNDA:0,getUploadProgress
FNDA:0,hasQueuedUploads
FNDA:12,dispose
DA:30,26
DA:33,26
DA:34,26
DA:39,1
DA:40,1
DA:44,14
DA:45,14
DA:50,1
DA:54,13
DA:59,1
DA:63,13
DA:68,0
DA:72,0
DA:77,1
DA:81,0
DA:86,1
DA:87,1
DA:91,13
DA:92,26
DA:94,13
DA:99,1
DA:103,0
DA:104,0
DA:110,1
DA:114,0
DA:119,3
DA:120,3
DA:124,1
DA:125,1
DA:129,1
DA:134,0
DA:135,0
DA:136,0
DA:138,0
DA:143,0
DA:144,0
DA:145,0
DA:146,0
DA:147,0
DA:149,0
DA:154,0
DA:155,0
DA:156,0
DA:158,0
DA:164,0
DA:165,0
DA:166,0
DA:168,0
DA:173,0
DA:174,0
DA:175,0
DA:176,0
DA:182,0
DA:187,0
DA:188,0
DA:189,0
DA:191,0
DA:197,12
DA:198,3
DA:200,12
LF:60
LH:27
BRDA:146,0,0,0
BRDA:146,0,1,0
BRF:2
BRH:0
end_of_record
TN:
SF:src\core\services\extension\ExtensionLoader.ts
FN:15,extractDir
FN:21,discoverAll
FN:35,(anonymous_2)
FN:36,(anonymous_3)
FN:37,(anonymous_4)
FN:38,(anonymous_5)
FN:47,(anonymous_6)
FN:48,(anonymous_7)
FN:49,(anonymous_8)
FN:50,(anonymous_9)
FN:55,(anonymous_10)
FN:56,(anonymous_11)
FN:61,(anonymous_12)
FN:66,(anonymous_13)
FN:76,checkDependencies
FN:79,(anonymous_15)
FN:90,checkApiVersion
FNF:17
FNH:9
FNDA:65,extractDir
FNDA:13,discoverAll
FNDA:13,(anonymous_2)
FNDA:13,(anonymous_3)
FNDA:13,(anonymous_4)
FNDA:13,(anonymous_5)
FNDA:0,(anonymous_6)
FNDA:0,(anonymous_7)
FNDA:0,(anonymous_8)
FNDA:0,(anonymous_9)
FNDA:0,(anonymous_10)
FNDA:0,(anonymous_11)
FNDA:0,(anonymous_12)
FNDA:0,(anonymous_13)
FNDA:16,checkDependencies
FNDA:17,(anonymous_15)
FNDA:18,checkApiVersion
DA:4,5
DA:5,5
DA:9,5
DA:10,5
DA:11,5
DA:12,5
DA:13,5
DA:16,65
DA:17,65
DA:20,5
DA:22,13
DA:24,13
DA:25,13
DA:26,13
DA:28,13
DA:35,13
DA:36,13
DA:37,13
DA:38,13
DA:40,13
DA:41,13
DA:42,13
DA:43,13
DA:44,0
DA:46,13
DA:47,0
DA:48,0
DA:49,0
DA:50,0
DA:53,0
DA:54,0
DA:55,0
DA:56,0
DA:59,0
DA:60,0
DA:61,0
DA:64,0
DA:65,0
DA:66,0
DA:70,13
DA:73,13
DA:77,16
DA:78,16
DA:79,17
DA:81,16
DA:82,2
DA:83,1
DA:87,16
DA:91,18
DA:93,18
DA:94,1
DA:99,18
DA:100,15
DA:101,15
DA:102,15
DA:103,41
DA:104,41
DA:105,41
DA:106,1
DA:109,1
DA:111,40
DA:115,18
LF:62
LH:47
BRDA:17,0,0,65
BRDA:17,0,1,0
BRDA:40,1,0,13
BRDA:40,1,1,0
BRDA:42,2,0,13
BRDA:42,2,1,0
BRDA:43,3,0,0
BRDA:43,3,1,13
BRDA:46,4,0,0
BRDA:46,4,1,13
BRDA:46,5,0,13
BRDA:46,5,1,13
BRDA:47,6,0,0
BRDA:47,6,1,0
BRDA:48,7,0,0
BRDA:48,7,1,0
BRDA:49,8,0,0
BRDA:49,8,1,0
BRDA:50,9,0,0
BRDA:50,9,1,0
BRDA:53,10,0,0
BRDA:53,10,1,0
BRDA:55,11,0,0
BRDA:55,11,1,0
BRDA:55,11,2,0
BRDA:56,12,0,0
BRDA:56,12,1,0
BRDA:56,12,2,0
BRDA:59,13,0,0
BRDA:59,13,1,0
BRDA:61,14,0,0
BRDA:61,14,1,0
BRDA:61,14,2,0
BRDA:64,15,0,0
BRDA:64,15,1,0
BRDA:66,16,0,0
BRDA:66,16,1,0
BRDA:66,16,2,0
BRDA:82,17,0,1
BRDA:82,17,1,1
BRDA:93,18,0,1
BRDA:93,18,1,17
BRDA:93,19,0,18
BRDA:93,19,1,15
BRDA:99,20,0,15
BRDA:99,20,1,3
BRDA:103,21,0,41
BRDA:103,21,1,0
BRDA:104,22,0,41
BRDA:104,22,1,0
BRDA:105,23,0,1
BRDA:105,23,1,40
BRDA:111,24,0,1
BRDA:111,24,1,39
BRF:54
BRH:21
end_of_record
TN:
SF:src\core\services\extension\ExtensionManager.ts
FN:22,init
FN:33,discover
FN:41,load
FN:76,activate
FN:90,(anonymous_4)
FN:110,registerLegacy
FN:135,registerBlocksWithBlockly
FN:139,registerGenerators
FN:143,getToolboxCategories
FN:147,getComponents
FN:151,getComponent
FN:155,getExamples
FN:159,getExamplesForExtension
FN:163,getExtensions
FN:167,getExtension
FN:168,(anonymous_15)
FN:173,deactivateExtension
FN:174,(anonymous_17)
FN:201,dispose
FNF:19
FNH:15
FNDA:14,init
FNDA:13,discover
FNDA:13,load
FNDA:13,activate
FNDA:0,(anonymous_4)
FNDA:0,registerLegacy
FNDA:0,registerBlocksWithBlockly
FNDA:0,registerGenerators
FNDA:1,getToolboxCategories
FNDA:1,getComponents
FNDA:1,getComponent
FNDA:1,getExamples
FNDA:1,getExamplesForExtension
FNDA:2,getExtensions
FNDA:1,getExtension
FNDA:1,(anonymous_15)
FNDA:11,deactivateExtension
FNDA:11,(anonymous_17)
FNDA:12,dispose
DA:16,4
DA:17,4
DA:18,4
DA:23,14
DA:24,13
DA:26,13
DA:27,13
DA:28,13
DA:29,13
DA:30,13
DA:34,13
DA:35,13
DA:36,13
DA:37,13
DA:42,13
DA:44,13
DA:45,13
DA:48,13
DA:49,13
DA:50,0
DA:51,0
DA:52,0
DA:53,0
DA:54,0
DA:58,13
DA:59,13
DA:60,0
DA:61,0
DA:62,0
DA:63,0
DA:64,0
DA:69,13
DA:70,0
DA:71,0
DA:77,13
DA:79,13
DA:80,13
DA:81,13
DA:82,13
DA:84,13
DA:86,13
DA:87,13
DA:88,13
DA:89,13
DA:90,0
DA:91,0
DA:92,0
DA:93,0
DA:94,0
DA:97,13
DA:98,13
DA:99,13
DA:100,13
DA:102,0
DA:103,0
DA:104,0
DA:105,0
DA:111,0
DA:112,0
DA:113,0
DA:114,0
DA:116,0
DA:117,0
DA:118,0
DA:120,0
DA:121,0
DA:124,0
DA:125,0
DA:126,0
DA:129,0
DA:130,0
DA:136,0
DA:140,0
DA:144,1
DA:148,1
DA:152,1
DA:156,1
DA:160,1
DA:164,2
DA:168,1
DA:174,11
DA:175,11
DA:177,10
DA:179,10
DA:180,0
DA:181,0
DA:183,0
DA:187,10
DA:188,10
DA:189,10
DA:190,10
DA:194,10
DA:196,10
DA:197,10
DA:198,10
DA:202,12
DA:203,10
DA:206,12
DA:207,12
DA:208,12
DA:209,12
DA:210,12
DA:211,12
DA:212,12
DA:213,12
DA:214,12
DA:216,12
DA:217,12
DA:218,12
DA:222,4
LF:110
LH:70
BRDA:23,0,0,1
BRDA:23,0,1,13
BRDA:49,1,0,0
BRDA:49,1,1,13
BRDA:59,2,0,0
BRDA:59,2,1,13
BRDA:69,3,0,0
BRDA:69,3,1,13
BRDA:69,4,0,13
BRDA:69,4,1,13
BRDA:69,4,2,13
BRDA:69,4,3,13
BRDA:80,5,0,0
BRDA:80,5,1,13
BRDA:81,6,0,0
BRDA:81,6,1,13
BRDA:82,7,0,0
BRDA:82,7,1,13
BRDA:89,8,0,0
BRDA:89,8,1,13
BRDA:111,9,0,0
BRDA:111,9,1,0
BRDA:112,10,0,0
BRDA:112,10,1,0
BRDA:113,11,0,0
BRDA:113,11,1,0
BRDA:114,12,0,0
BRDA:114,12,1,0
BRDA:175,13,0,1
BRDA:175,13,1,10
BRDA:175,14,0,11
BRDA:175,14,1,10
BRDA:179,15,0,0
BRDA:179,15,1,10
BRDA:188,16,0,10
BRDA:188,16,1,0
BRF:36
BRH:19
end_of_record
TN:
SF:src\core\services\extension\GeneratorRegistry.ts
FN:7,register
FN:13,registerWithGenerator
FN:19,getGenerator
FN:23,clear
FNF:4
FNH:4
FNDA:18,register
FNDA:1,registerWithGenerator
FNDA:3,getGenerator
FNDA:17,clear
DA:5,5
DA:8,18
DA:9,31
DA:14,1
DA:15,1
DA:20,3
DA:24,17
DA:28,5
LF:8
LH:8
BRF:0
BRH:0
end_of_record
TN:
SF:src\core\services\extension\LibraryRegistry.ts
FN:6,register
FN:10,registerMany
FN:16,unregister
FN:20,getLibrary
FN:24,getAllLibraries
FN:28,getLibrariesForBoard
FN:29,(anonymous_6)
FN:34,getHeaders
FN:49,hasLibrary
FN:53,clear
FNF:10
FNH:10
FNDA:5,register
FNDA:4,registerMany
FNDA:1,unregister
FNDA:2,getLibrary
FNDA:4,getAllLibraries
FNDA:2,getLibrariesForBoard
FNDA:4,(anonymous_6)
FNDA:2,getHeaders
FNDA:3,hasLibrary
FNDA:35,clear
DA:4,5
DA:7,5
DA:11,4
DA:12,8
DA:17,1
DA:21,2
DA:25,4
DA:29,2
DA:30,4
DA:35,2
DA:36,2
DA:37,4
DA:38,4
DA:39,4
DA:40,4
DA:41,3
DA:46,2
DA:50,3
DA:54,35
DA:58,5
LF:20
LH:20
BRDA:30,0,0,4
BRDA:30,0,1,2
BRDA:30,0,2,2
BRDA:38,1,0,4
BRDA:38,1,1,0
BRDA:40,2,0,3
BRDA:40,2,1,1
BRF:7
BRH:6
end_of_record
TN:
SF:src\core\services\extension\ValidationRegistry.ts
FN:23,register
FN:28,unregister
FN:32,getRules
FN:36,validate
FN:69,(anonymous_4)
FN:110,(anonymous_5)
FN:129,(anonymous_6)
FN:134,validateAll
FN:135,(anonymous_8)
FN:138,clear
FNF:10
FNH:7
FNDA:7,register
FNDA:1,unregister
FNDA:4,getRules
FNDA:6,validate
FNDA:0,(anonymous_4)
FNDA:0,(anonymous_5)
FNDA:0,(anonymous_6)
FNDA:1,validateAll
FNDA:2,(anonymous_8)
FNDA:9,clear
DA:21,4
DA:24,7
DA:25,7
DA:29,1
DA:33,4
DA:41,6
DA:42,6
DA:43,6
DA:45,6
DA:46,2
DA:50,2
DA:53,4
DA:54,4
DA:58,4
DA:61,0
DA:62,0
DA:68,0
DA:69,0
DA:70,0
DA:71,0
DA:75,0
DA:78,0
DA:79,0
DA:81,0
DA:83,0
DA:84,0
DA:89,0
DA:91,0
DA:92,0
DA:97,0
DA:101,0
DA:102,0
DA:103,0
DA:110,0
DA:111,0
DA:117,0
DA:118,6
DA:119,0
DA:120,0
DA:121,0
DA:128,0
DA:129,0
DA:135,2
DA:139,9
DA:143,4
LF:45
LH:18
BRDA:24,0,0,7
BRDA:24,0,1,6
BRDA:33,1,0,4
BRDA:33,1,1,2
BRDA:45,2,0,2
BRDA:45,2,1,4
BRDA:53,3,0,4
BRDA:53,3,1,0
BRDA:61,4,0,0
BRDA:61,4,1,0
BRDA:68,5,0,0
BRDA:68,5,1,0
BRDA:70,6,0,0
BRDA:70,6,1,0
BRDA:79,7,0,0
BRDA:79,7,1,0
BRDA:81,8,0,0
BRDA:81,8,1,0
BRDA:83,9,0,0
BRDA:83,9,1,0
BRDA:91,10,0,0
BRDA:91,10,1,0
BRDA:101,11,0,0
BRDA:101,11,1,0
BRDA:102,12,0,0
BRDA:102,12,1,0
BRDA:110,13,0,0
BRDA:110,13,1,0
BRDA:110,14,0,0
BRDA:110,14,1,0
BRDA:110,15,0,0
BRDA:110,15,1,0
BRDA:117,16,0,0
BRDA:117,16,1,0
BRDA:120,17,0,0
BRDA:120,17,1,0
BRF:36
BRH:7
end_of_record
TN:
SF:src\core\services\hardware\HardwareEvents.ts
FNF:0
FNH:0
DA:1,3
LF:1
LH:1
BRF:0
BRH:0
end_of_record
TN:
SF:src\core\services\hardware\HardwareManager.ts
FN:26,constructor
FN:40,init
FN:47,getSelectedBoardId
FN:51,getSelectedBoard
FN:56,getAvailableBoards
FN:60,selectBoard
FN:78,getBoardCapabilities
FN:83,boardHasCapability
FN:87,getConnectedDevice
FN:91,isConnected
FN:95,createConnection
FN:108,getPortManager
FN:112,getDeviceManager
FNF:13
FNH:12
FNDA:15,constructor
FNDA:1,init
FNDA:4,getSelectedBoardId
FNDA:2,getSelectedBoard
FNDA:1,getAvailableBoards
FNDA:2,selectBoard
FNDA:2,getBoardCapabilities
FNDA:2,boardHasCapability
FNDA:0,getConnectedDevice
FNDA:1,isConnected
FNDA:4,createConnection
FNDA:1,getPortManager
FNDA:1,getDeviceManager
DA:16,1
DA:19,15
DA:33,15
DA:34,15
DA:35,15
DA:36,15
DA:37,15
DA:41,1
DA:42,1
DA:43,1
DA:48,4
DA:52,2
DA:53,1
DA:57,1
DA:61,2
DA:62,2
DA:63,1
DA:64,1
DA:67,1
DA:68,1
DA:69,1
DA:71,1
DA:73,1
DA:74,1
DA:79,2
DA:80,2
DA:84,2
DA:88,0
DA:92,1
DA:96,4
DA:98,1
DA:100,1
DA:102,1
DA:104,1
DA:109,1
DA:113,1
LF:36
LH:35
BRDA:42,0,0,1
BRDA:42,0,1,0
BRDA:52,1,0,1
BRDA:52,1,1,1
BRDA:62,2,0,1
BRDA:62,2,1,1
BRDA:73,3,0,1
BRDA:73,3,1,0
BRDA:80,4,0,2
BRDA:80,4,1,1
BRDA:96,5,0,1
BRDA:96,5,1,1
BRDA:96,5,2,1
BRDA:96,5,3,1
BRF:14
BRH:12
end_of_record
TN:
SF:src\core\services\hardware\connections\BluetoothConnection.ts
FN:7,state
FN:11,connect
FN:15,disconnect
FN:19,read
FN:23,write
FN:27,writeBytes
FN:31,readBytes
FN:35,flush
FN:39,isConnected
FNF:9
FNH:3
FNDA:1,state
FNDA:1,connect
FNDA:0,disconnect
FNDA:0,read
FNDA:0,write
FNDA:0,writeBytes
FNDA:0,readBytes
FNDA:0,flush
FNDA:1,isConnected
DA:4,4
DA:5,4
DA:8,1
DA:12,1
DA:16,0
DA:20,0
DA:24,0
DA:28,0
DA:32,0
DA:40,1
LF:10
LH:5
BRF:0
BRH:0
end_of_record
TN:
SF:src\core\services\hardware\connections\SerialConnection.ts
FN:10,state
FN:14,connect
FN:17,(anonymous_2)
FN:18,(anonymous_3)
FN:22,disconnect
FN:27,read
FN:31,write
FN:35,writeBytes
FN:39,readBytes
FN:43,flush
FN:47,isConnected
FNF:11
FNH:5
FNDA:1,state
FNDA:1,connect
FNDA:1,(anonymous_2)
FNDA:1,(anonymous_3)
FNDA:0,disconnect
FNDA:0,read
FNDA:0,write
FNDA:0,writeBytes
FNDA:0,readBytes
FNDA:0,flush
FNDA:1,isConnected
DA:3,2
DA:6,4
DA:7,4
DA:8,4
DA:11,1
DA:15,1
DA:17,1
DA:18,1
DA:23,0
DA:24,0
DA:28,0
DA:32,0
DA:36,0
DA:40,0
DA:48,1
LF:15
LH:9
BRF:0
BRH:0
end_of_record
TN:
SF:src\core\services\hardware\connections\USBConnection.ts
FN:13,constructor
FN:17,state
FN:21,connect
FN:40,disconnect
FN:52,read
FN:58,write
FN:63,writeBytes
FN:68,readBytes
FN:74,flush
FN:78,isConnected
FNF:10
FNH:10
FNDA:13,constructor
FNDA:4,state
FNDA:8,connect
FNDA:1,disconnect
FNDA:2,read
FNDA:1,write
FNDA:1,writeBytes
FNDA:1,readBytes
FNDA:1,flush
FNDA:3,isConnected
DA:5,2
DA:8,13
DA:9,13
DA:11,13
DA:14,13
DA:18,4
DA:22,8
DA:23,8
DA:24,8
DA:31,7
DA:32,7
DA:34,1
DA:35,1
DA:36,1
DA:41,1
DA:42,1
DA:43,1
DA:44,1
DA:48,1
DA:49,1
DA:53,2
DA:54,1
DA:55,1
DA:59,1
DA:60,1
DA:64,1
DA:65,1
DA:69,1
DA:70,1
DA:71,1
DA:79,3
LF:31
LH:31
BRDA:26,0,0,8
BRDA:26,0,1,7
BRDA:27,1,0,8
BRDA:27,1,1,7
BRDA:28,2,0,8
BRDA:28,2,1,8
BRDA:29,3,0,8
BRDA:29,3,1,8
BRDA:41,4,0,0
BRDA:41,4,1,1
BRDA:53,5,0,1
BRDA:53,5,1,1
BRDA:55,6,0,1
BRDA:55,6,1,0
BRDA:59,7,0,0
BRDA:59,7,1,1
BRDA:64,8,0,0
BRDA:64,8,1,1
BRDA:69,9,0,0
BRDA:69,9,1,1
BRDA:71,10,0,1
BRDA:71,10,1,0
BRF:22
BRH:16
end_of_record
TN:
SF:src\core\services\hardware\connections\WiFiConnection.ts
FN:7,state
FN:11,connect
FN:15,disconnect
FN:19,read
FN:23,write
FN:27,writeBytes
FN:31,readBytes
FN:35,flush
FN:39,isConnected
FNF:9
FNH:3
FNDA:1,state
FNDA:1,connect
FNDA:0,disconnect
FNDA:0,read
FNDA:0,write
FNDA:0,writeBytes
FNDA:0,readBytes
FNDA:0,flush
FNDA:1,isConnected
DA:4,4
DA:5,4
DA:8,1
DA:12,1
DA:16,0
DA:20,0
DA:24,0
DA:28,0
DA:32,0
DA:40,1
LF:10
LH:5
BRF:0
BRH:0
end_of_record
TN:
SF:src\core\services\i18n\LanguageManager.ts
FN:30,constructor
FN:34,init
FN:37,getCurrentLanguage
FN:41,getLanguages
FN:45,isRTL
FN:46,(anonymous_5)
FN:50,registerLoader
FN:54,setLanguage
FN:70,translate
FN:83,getTranslationMap
FN:87,ensureLoaded
FNF:11
FNH:11
FNDA:10,constructor
FNDA:10,init
FNDA:1,getCurrentLanguage
FNDA:1,getLanguages
FNDA:2,isRTL
FNDA:3,(anonymous_5)
FNDA:6,registerLoader
FNDA:5,setLanguage
FNDA:5,translate
FNDA:1,getTranslationMap
FNDA:5,ensureLoaded
DA:7,1
DA:16,1
DA:22,10
DA:23,10
DA:24,10
DA:25,10
DA:26,10
DA:28,10
DA:31,10
DA:38,1
DA:42,1
DA:46,3
DA:47,2
DA:51,6
DA:55,5
DA:57,5
DA:59,1
DA:61,1
DA:62,1
DA:63,1
DA:66,1
DA:67,1
DA:71,5
DA:72,5
DA:74,5
DA:75,1
DA:76,1
DA:80,5
DA:84,1
DA:88,5
DA:90,5
DA:91,5
DA:92,0
DA:93,0
DA:96,5
DA:97,5
DA:98,5
DA:99,5
DA:101,5
DA:102,4
DA:105,0
LF:41
LH:38
BRDA:47,0,0,2
BRDA:47,0,1,0
BRDA:57,1,0,4
BRDA:57,1,1,1
BRDA:61,2,0,1
BRDA:61,2,1,0
BRDA:63,3,0,1
BRDA:63,3,1,0
BRDA:72,4,0,5
BRDA:72,4,1,2
BRDA:72,4,2,2
BRDA:74,5,0,1
BRDA:74,5,1,4
BRDA:84,6,0,1
BRDA:84,6,1,0
BRDA:88,7,0,0
BRDA:88,7,1,5
BRDA:91,8,0,0
BRDA:91,8,1,5
BRDA:101,9,0,4
BRDA:101,9,1,1
BRF:21
BRH:15
end_of_record
TN:
SF:src\core\services\logging\LoggerService.ts
FN:25,setLevel
FN:29,getLevel
FN:33,setMaxHistory
FN:40,getHistory
FN:44,clearHistory
FN:48,onEntry
FN:50,(anonymous_6)
FN:51,(anonymous_7)
FN:55,debug
FN:59,info
FN:63,warn
FN:67,error
FN:71,log
FNF:13
FNH:13
FNDA:4,setLevel
FNDA:3,getLevel
FNDA:1,setMaxHistory
FNDA:13,getHistory
FNDA:1,clearHistory
FNDA:1,onEntry
FNDA:1,(anonymous_6)
FNDA:1,(anonymous_7)
FNDA:11,debug
FNDA:17,info
FNDA:6,warn
FNDA:10,error
FNDA:44,log
DA:11,8
DA:20,88
DA:21,88
DA:22,88
DA:23,88
DA:26,4
DA:30,3
DA:34,1
DA:35,1
DA:36,1
DA:41,13
DA:45,1
DA:49,1
DA:50,1
DA:51,1
DA:56,11
DA:60,17
DA:64,6
DA:68,10
DA:72,44
DA:74,32
DA:75,32
DA:76,32
DA:77,0
DA:80,32
DA:81,1
DA:82,1
DA:90,8
LF:28
LH:27
BRDA:35,0,0,1
BRDA:35,0,1,0
BRDA:72,1,0,12
BRDA:72,1,1,32
BRDA:76,2,0,0
BRDA:76,2,1,32
BRF:6
BRH:4
end_of_record
TN:
SF:src\core\services\notification\NotificationService.ts
FN:27,getQueue
FN:31,setMaxVisible
FN:35,success
FN:39,info
FN:43,warning
FN:47,error
FN:51,loading
FN:55,updateProgress
FN:56,(anonymous_8)
FN:63,dismiss
FN:64,(anonymous_10)
FN:68,clear
FN:73,add
FN:88,(anonymous_13)
FNF:14
FNH:14
FNDA:20,getQueue
FNDA:1,setMaxVisible
FNDA:2,success
FNDA:8,info
FNDA:1,warning
FNDA:8,error
FNDA:2,loading
FNDA:1,updateProgress
FNDA:1,(anonymous_8)
FNDA:2,dismiss
FNDA:2,(anonymous_10)
FNDA:1,clear
FNDA:21,add
FNDA:1,(anonymous_13)
DA:16,2
DA:17,2
DA:18,2
DA:19,2
DA:21,2
DA:24,20
DA:25,20
DA:28,20
DA:32,1
DA:36,2
DA:40,8
DA:44,1
DA:48,8
DA:52,2
DA:56,1
DA:57,1
DA:59,1
DA:60,1
DA:64,2
DA:65,2
DA:69,1
DA:70,1
DA:74,21
DA:75,21
DA:76,21
DA:78,21
DA:79,1
DA:80,1
DA:81,1
DA:85,21
DA:87,21
DA:88,19
DA:91,21
LF:33
LH:33
BRDA:35,0,0,2
BRDA:39,1,0,8
BRDA:43,2,0,1
BRDA:47,3,0,8
BRDA:57,4,0,0
BRDA:57,4,1,1
BRDA:78,5,0,1
BRDA:78,5,1,20
BRDA:80,6,0,1
BRDA:80,6,1,0
BRDA:87,7,0,19
BRDA:87,7,1,2
BRDA:87,8,0,21
BRDA:87,8,1,19
BRF:14
BRH:12
end_of_record
TN:
SF:src\core\services\port\PortManager.ts
FN:15,constructor
FN:20,init
FN:27,getPorts
FN:31,getSelectedPort
FN:32,(anonymous_4)
FN:35,getSelectedPortId
FN:39,setPorts
FN:43,refresh
FN:49,selectPort
FN:50,(anonymous_9)
FN:62,clearSelection
FN:67,addPort
FN:68,(anonymous_12)
FN:76,removePort
FN:77,(anonymous_14)
FNF:15
FNH:15
FNDA:26,constructor
FNDA:1,init
FNDA:6,getPorts
FNDA:1,getSelectedPort
FNDA:1,(anonymous_4)
FNDA:6,getSelectedPortId
FNDA:2,setPorts
FNDA:1,refresh
FNDA:4,selectPort
FNDA:3,(anonymous_9)
FNDA:1,clearSelection
FNDA:7,addPort
FNDA:1,(anonymous_12)
FNDA:2,removePort
FNDA:2,(anonymous_14)
DA:7,2
DA:10,26
DA:11,26
DA:16,26
DA:17,26
DA:21,1
DA:22,1
DA:23,1
DA:28,6
DA:32,1
DA:36,6
DA:40,2
DA:46,1
DA:50,4
DA:51,4
DA:52,1
DA:53,1
DA:55,3
DA:56,3
DA:57,3
DA:58,3
DA:59,3
DA:63,1
DA:64,1
DA:68,7
DA:69,7
DA:70,1
DA:72,6
DA:77,2
DA:78,2
DA:79,1
LF:31
LH:31
BRDA:22,0,0,1
BRDA:22,0,1,0
BRDA:51,1,0,1
BRDA:51,1,1,3
BRDA:69,2,0,1
BRDA:69,2,1,6
BRDA:78,3,0,1
BRDA:78,3,1,1
BRF:8
BRH:7
end_of_record
TN:
SF:src\core\services\settings\SettingsManager.ts
FN:25,constructor
FN:30,init
FN:41,get
FN:45,getAll
FN:49,set
FN:69,update
FN:78,reset
FN:84,export
FN:92,import
FN:104,addValidator
FN:108,addMigration
FN:112,onChange
FN:116,onReset
FN:120,applyMigrations
FN:124,(anonymous_14)
FN:125,(anonymous_15)
FN:134,persist
FNF:17
FNH:14
FNDA:14,constructor
FNDA:14,init
FNDA:15,get
FNDA:1,getAll
FNDA:10,set
FNDA:2,update
FNDA:1,reset
FNDA:1,export
FNDA:2,import
FNDA:2,addValidator
FNDA:2,addMigration
FNDA:0,onChange
FNDA:0,onReset
FNDA:4,applyMigrations
FNDA:2,(anonymous_14)
FNDA:0,(anonymous_15)
FNDA:23,persist
DA:13,1
DA:14,1
DA:15,1
DA:18,14
DA:21,14
DA:22,14
DA:23,14
DA:26,14
DA:27,14
DA:31,14
DA:32,14
DA:34,14
DA:35,14
DA:36,3
DA:38,14
DA:42,15
DA:46,1
DA:50,10
DA:51,2
DA:52,2
DA:53,2
DA:54,2
DA:58,8
DA:59,8
DA:61,7
DA:62,7
DA:64,7
DA:65,7
DA:66,7
DA:70,2
DA:71,3
DA:72,1
DA:75,1
DA:79,1
DA:80,1
DA:81,1
DA:85,1
DA:93,2
DA:94,1
DA:95,1
DA:97,1
DA:98,1
DA:99,1
DA:100,1
DA:101,1
DA:105,2
DA:109,2
DA:113,0
DA:117,0
DA:121,4
DA:123,4
DA:124,2
DA:125,0
DA:127,4
DA:128,2
DA:131,4
DA:135,23
DA:136,23
DA:141,0
LF:59
LH:55
BRDA:31,0,0,0
BRDA:31,0,1,14
BRDA:35,1,0,3
BRDA:35,1,1,11
BRDA:36,2,0,3
BRDA:36,2,1,0
BRDA:52,3,0,2
BRDA:52,3,1,0
BRDA:59,4,0,1
BRDA:59,4,1,7
BRDA:71,5,0,1
BRDA:71,5,1,2
BRDA:93,6,0,1
BRDA:93,6,1,1
BRDA:93,7,0,2
BRDA:93,7,1,1
BRDA:124,8,0,2
BRDA:124,8,1,2
BRF:18
BRH:15
end_of_record
TN:
SF:src\core\services\theme\ThemeService.ts
FN:14,constructor
FN:18,init
FN:22,(anonymous_2)
FN:30,destroy
FN:36,getMode
FN:40,getCurrentTheme
FN:44,setMode
FN:49,resolveAndApply
FN:59,applyTheme
FNF:9
FNH:8
FNDA:5,constructor
FNDA:3,init
FNDA:0,(anonymous_2)
FNDA:5,destroy
FNDA:3,getMode
FNDA:3,getCurrentTheme
FNDA:6,setMode
FNDA:6,resolveAndApply
FNDA:6,applyTheme
DA:5,1
DA:8,5
DA:9,5
DA:11,5
DA:12,5
DA:15,5
DA:19,3
DA:21,3
DA:22,3
DA:23,0
DA:24,0
DA:27,3
DA:31,5
DA:32,3
DA:37,3
DA:41,3
DA:45,6
DA:46,6
DA:51,6
DA:52,0
DA:54,6
DA:56,6
DA:60,6
DA:61,5
DA:63,5
DA:64,5
DA:65,5
DA:68,5
DA:69,5
LF:29
LH:26
BRDA:19,0,0,0
BRDA:19,0,1,3
BRDA:19,1,0,3
BRDA:19,1,1,3
BRDA:23,2,0,0
BRDA:23,2,1,0
BRDA:24,3,0,0
BRDA:24,3,1,0
BRDA:31,4,0,3
BRDA:31,4,1,2
BRDA:31,5,0,5
BRDA:31,5,1,3
BRDA:51,6,0,0
BRDA:51,6,1,6
BRDA:52,7,0,0
BRDA:52,7,1,0
BRDA:60,8,0,1
BRDA:60,8,1,5
BRDA:63,9,0,5
BRDA:63,9,1,0
BRF:20
BRH:11
end_of_record
TN:
SF:src\core\services\upload\UploadEngineRegistry.ts
FN:6,register
FN:7,(anonymous_1)
FN:15,registerMany
FN:21,findForBoard
FN:22,(anonymous_4)
FN:25,(anonymous_5)
FN:34,findAllForBoard
FN:36,(anonymous_7)
FN:37,(anonymous_8)
FN:40,getById
FN:41,(anonymous_10)
FN:44,getAll
FN:48,remove
FN:49,(anonymous_13)
FN:52,clear
FN:56,count
FN:60,getPriority
FNF:17
FNH:17
FNDA:38,register
FNDA:18,(anonymous_1)
FNDA:8,registerMany
FNDA:16,findForBoard
FNDA:17,(anonymous_4)
FNDA:1,(anonymous_5)
FNDA:3,findAllForBoard
FNDA:9,(anonymous_7)
FNDA:6,(anonymous_8)
FNDA:7,getById
FNDA:6,(anonymous_10)
FNDA:1,getAll
FNDA:1,remove
FNDA:1,(anonymous_13)
FNDA:1,clear
FNDA:6,count
FNDA:14,getPriority
DA:4,36
DA:7,38
DA:8,38
DA:9,1
DA:11,37
DA:16,8
DA:17,19
DA:22,17
DA:23,16
DA:25,13
DA:26,1
DA:27,1
DA:28,1
DA:31,13
DA:35,3
DA:36,9
DA:37,6
DA:41,7
DA:45,1
DA:49,1
DA:53,1
DA:57,6
DA:61,14
DA:62,12
DA:63,11
DA:64,9
DA:65,7
DA:66,6
DA:67,4
LF:29
LH:29
BRDA:8,0,0,1
BRDA:8,0,1,37
BRDA:23,1,0,3
BRDA:23,1,1,13
BRDA:61,2,0,2
BRDA:61,2,1,12
BRDA:62,3,0,1
BRDA:62,3,1,11
BRDA:63,4,0,2
BRDA:63,4,1,9
BRDA:64,5,0,2
BRDA:64,5,1,7
BRDA:65,6,0,1
BRDA:65,6,1,6
BRDA:66,7,0,2
BRDA:66,7,1,4
BRF:16
BRH:16
end_of_record
TN:
SF:src\core\services\upload\UploadEvents.ts
FNF:0
FNH:0
DA:1,2
LF:1
LH:1
BRF:0
BRH:0
end_of_record
TN:
SF:src\core\services\upload\UploadManager.ts
FN:22,constructor
FN:27,getStatus
FN:31,getActiveEngine
FN:35,getCurrentProgress
FN:39,hasQueuedUploads
FN:43,enqueue
FN:49,start
FN:60,startWithEngine
FN:71,processQueue
FN:82,cancel
FN:103,retry
FN:108,reset
FN:116,doUpload
FN:143,(anonymous_13)
FN:197,updateProgress
FN:204,emitProgress
FNF:16
FNH:16
FNDA:23,constructor
FNDA:4,getStatus
FNDA:2,getActiveEngine
FNDA:97,getCurrentProgress
FNDA:5,hasQueuedUploads
FNDA:5,enqueue
FNDA:13,start
FNDA:3,startWithEngine
FNDA:2,processQueue
FNDA:2,cancel
FNDA:1,retry
FNDA:1,reset
FNDA:13,doUpload
FNDA:1,(anonymous_13)
FNDA:76,updateProgress
FNDA:82,emitProgress
DA:16,23
DA:17,23
DA:18,23
DA:19,23
DA:20,23
DA:23,23
DA:24,23
DA:28,4
DA:32,2
DA:36,97
DA:40,5
DA:44,5
DA:45,5
DA:46,5
DA:50,13
DA:51,13
DA:52,2
DA:53,2
DA:54,2
DA:57,11
DA:61,3
DA:62,3
DA:63,1
DA:64,1
DA:65,1
DA:68,2
DA:72,2
DA:73,2
DA:74,2
DA:75,2
DA:77,1
DA:83,2
DA:85,1
DA:86,1
DA:87,1
DA:89,1
DA:90,1
DA:93,1
DA:94,1
DA:99,1
DA:100,1
DA:104,1
DA:105,1
DA:109,1
DA:110,1
DA:111,1
DA:112,1
DA:113,1
DA:117,13
DA:118,13
DA:119,13
DA:120,13
DA:122,13
DA:128,13
DA:129,13
DA:130,13
DA:131,13
DA:132,1
DA:135,12
DA:136,12
DA:138,12
DA:139,12
DA:140,12
DA:142,12
DA:143,12
DA:144,1
DA:145,1
DA:148,9
DA:149,9
DA:150,9
DA:152,9
DA:153,9
DA:155,9
DA:156,9
DA:158,9
DA:167,13
DA:172,13
DA:173,13
DA:174,13
DA:176,13
DA:178,4
DA:179,4
DA:180,4
DA:181,4
DA:183,4
DA:189,4
DA:190,4
DA:191,4
DA:193,4
DA:198,76
DA:199,76
DA:200,76
DA:201,76
DA:205,82
LF:94
LH:94
BRDA:51,0,0,2
BRDA:51,0,1,11
BRDA:62,1,0,1
BRDA:62,1,1,2
BRDA:77,2,0,1
BRDA:77,2,1,0
BRDA:83,3,0,1
BRDA:83,3,1,1
BRDA:89,4,0,1
BRDA:89,4,1,0
BRDA:131,5,0,1
BRDA:131,5,1,12
BRDA:159,6,0,8
BRDA:159,6,1,1
BRDA:161,7,0,8
BRDA:161,7,1,1
BRDA:179,8,0,3
BRDA:179,8,1,1
BRF:18
BRH:16
end_of_record
